
*** Running vivado
    with args -log project_reti_logiche.vds -m64 -mode batch -messageDb vivado.pb -notrace -source project_reti_logiche.tcl


****** Vivado v2016.1 (64-bit)
  **** SW Build 1538259 on Fri Apr  8 15:45:27 MDT 2016
  **** IP Build 1537824 on Fri Apr  8 04:28:57 MDT 2016
    ** Copyright 1986-2016 Xilinx, Inc. All Rights Reserved.

source project_reti_logiche.tcl -notrace
Command: synth_design -top project_reti_logiche -part xc7a200tfbg484-1
Starting synth_design
Attempting to get a license for feature 'Synthesis' and/or device 'xc7a200t'
INFO: [Common 17-349] Got license for feature 'Synthesis' and/or device 'xc7a200t'
INFO: Launching helper process for spawning children vivado processes
INFO: Helper process launched with PID 10476 
---------------------------------------------------------------------------------
Starting RTL Elaboration : Time (s): cpu = 00:00:09 ; elapsed = 00:00:14 . Memory (MB): peak = 271.469 ; gain = 64.418
---------------------------------------------------------------------------------
INFO: [Synth 8-638] synthesizing module 'project_reti_logiche' [C:/Users/tommi/Documents/GitHub/project_reti_logiche/project_reti_logiche.srcs/sources_1/new/10680747_10656892.vhd:29]
WARNING: [Synth 8-614] signal 'i_rst' is read in the process but is not in the sensitivity list [C:/Users/tommi/Documents/GitHub/project_reti_logiche/project_reti_logiche.srcs/sources_1/new/10680747_10656892.vhd:102]
WARNING: [Synth 8-614] signal 'i_rst' is read in the process but is not in the sensitivity list [C:/Users/tommi/Documents/GitHub/project_reti_logiche/project_reti_logiche.srcs/sources_1/new/10680747_10656892.vhd:159]
INFO: [Synth 8-226] default block is never used [C:/Users/tommi/Documents/GitHub/project_reti_logiche/project_reti_logiche.srcs/sources_1/new/10680747_10656892.vhd:199]
WARNING: [Synth 8-614] signal 'done_ok' is read in the process but is not in the sensitivity list [C:/Users/tommi/Documents/GitHub/project_reti_logiche/project_reti_logiche.srcs/sources_1/new/10680747_10656892.vhd:250]
INFO: [Synth 8-256] done synthesizing module 'project_reti_logiche' (1#1) [C:/Users/tommi/Documents/GitHub/project_reti_logiche/project_reti_logiche.srcs/sources_1/new/10680747_10656892.vhd:29]
WARNING: [Synth 8-3917] design project_reti_logiche has port o_mem_we driven by constant 0
---------------------------------------------------------------------------------
Finished RTL Elaboration : Time (s): cpu = 00:00:11 ; elapsed = 00:00:16 . Memory (MB): peak = 308.855 ; gain = 101.805
---------------------------------------------------------------------------------

Report Check Netlist: 
+------+------------------+-------+---------+-------+------------------+
|      |Item              |Errors |Warnings |Status |Description       |
+------+------------------+-------+---------+-------+------------------+
|1     |multi_driven_nets |      0|        0|Passed |Multi driven nets |
+------+------------------+-------+---------+-------+------------------+
---------------------------------------------------------------------------------
Finished RTL Optimization Phase 1 : Time (s): cpu = 00:00:11 ; elapsed = 00:00:16 . Memory (MB): peak = 308.855 ; gain = 101.805
---------------------------------------------------------------------------------
INFO: [Device 21-403] Loading part xc7a200tfbg484-1
INFO: [Project 1-570] Preparing netlist for logic optimization

Processing XDC Constraints
Initializing timing engine
Parsing XDC File [C:/Users/tommi/Documents/GitHub/project_reti_logiche/project_reti_logiche.srcs/constrs_1/new/clock.xdc]
Finished Parsing XDC File [C:/Users/tommi/Documents/GitHub/project_reti_logiche/project_reti_logiche.srcs/constrs_1/new/clock.xdc]
Completed Processing XDC Constraints

INFO: [Project 1-111] Unisim Transformation Summary:
No Unisim elements were transformed.

Constraint Validation Runtime : Time (s): cpu = 00:00:00 ; elapsed = 00:00:00.009 . Memory (MB): peak = 641.305 ; gain = 0.000
---------------------------------------------------------------------------------
Finished Constraint Validation : Time (s): cpu = 00:00:26 ; elapsed = 00:00:34 . Memory (MB): peak = 641.305 ; gain = 434.254
---------------------------------------------------------------------------------
---------------------------------------------------------------------------------
Start Loading Part and Timing Information
---------------------------------------------------------------------------------
Loading part: xc7a200tfbg484-1
---------------------------------------------------------------------------------
Finished Loading Part and Timing Information : Time (s): cpu = 00:00:26 ; elapsed = 00:00:34 . Memory (MB): peak = 641.305 ; gain = 434.254
---------------------------------------------------------------------------------
---------------------------------------------------------------------------------
Start Applying 'set_property' XDC Constraints
---------------------------------------------------------------------------------
---------------------------------------------------------------------------------
Finished applying 'set_property' XDC Constraints : Time (s): cpu = 00:00:26 ; elapsed = 00:00:34 . Memory (MB): peak = 641.305 ; gain = 434.254
---------------------------------------------------------------------------------
WARNING: [Synth 8-327] inferring latch for variable 'done_ok_reg' [C:/Users/tommi/Documents/GitHub/project_reti_logiche/project_reti_logiche.srcs/sources_1/new/10680747_10656892.vhd:402]
---------------------------------------------------------------------------------
Finished RTL Optimization Phase 2 : Time (s): cpu = 00:00:26 ; elapsed = 00:00:34 . Memory (MB): peak = 641.305 ; gain = 434.254
---------------------------------------------------------------------------------

Report RTL Partitions: 
+-+--------------+------------+----------+
| |RTL Partition |Replication |Instances |
+-+--------------+------------+----------+
+-+--------------+------------+----------+
---------------------------------------------------------------------------------
Start RTL Component Statistics 
---------------------------------------------------------------------------------
Detailed RTL Component Info : 
+---Adders : 
	   2 Input      5 Bit       Adders := 2     
+---Registers : 
	               16 Bit    Registers := 2     
	                8 Bit    Registers := 9     
	                5 Bit    Registers := 1     
	                4 Bit    Registers := 1     
	                2 Bit    Registers := 1     
+---Muxes : 
	  21 Input     16 Bit        Muxes := 1     
	   2 Input      8 Bit        Muxes := 4     
	   2 Input      4 Bit        Muxes := 3     
	   2 Input      3 Bit        Muxes := 4     
	  21 Input      2 Bit        Muxes := 1     
	   2 Input      2 Bit        Muxes := 1     
	   4 Input      1 Bit        Muxes := 4     
	   2 Input      1 Bit        Muxes := 3     
	  13 Input      1 Bit        Muxes := 8     
---------------------------------------------------------------------------------
Finished RTL Component Statistics 
---------------------------------------------------------------------------------
---------------------------------------------------------------------------------
Start RTL Hierarchical Component Statistics 
---------------------------------------------------------------------------------
Hierarchical RTL Component report 
Module project_reti_logiche 
Detailed RTL Component Info : 
+---Adders : 
	   2 Input      5 Bit       Adders := 2     
+---Registers : 
	               16 Bit    Registers := 2     
	                8 Bit    Registers := 9     
	                5 Bit    Registers := 1     
	                4 Bit    Registers := 1     
	                2 Bit    Registers := 1     
+---Muxes : 
	  21 Input     16 Bit        Muxes := 1     
	   2 Input      8 Bit        Muxes := 4     
	   2 Input      4 Bit        Muxes := 3     
	   2 Input      3 Bit        Muxes := 4     
	  21 Input      2 Bit        Muxes := 1     
	   2 Input      2 Bit        Muxes := 1     
	   4 Input      1 Bit        Muxes := 4     
	   2 Input      1 Bit        Muxes := 3     
	  13 Input      1 Bit        Muxes := 8     
---------------------------------------------------------------------------------
Finished RTL Hierarchical Component Statistics
---------------------------------------------------------------------------------
---------------------------------------------------------------------------------
Start Part Resource Summary
---------------------------------------------------------------------------------
Part Resources:
DSPs: 740 (col length:100)
BRAMs: 730 (col length: RAMB18 100 RAMB36 50)
---------------------------------------------------------------------------------
Finished Part Resource Summary
---------------------------------------------------------------------------------
Start Parallel Synthesis Optimization  : Time (s): cpu = 00:00:27 ; elapsed = 00:00:34 . Memory (MB): peak = 641.305 ; gain = 434.254
---------------------------------------------------------------------------------
Start Cross Boundary Optimization
---------------------------------------------------------------------------------
WARNING: [Synth 8-3917] design project_reti_logiche has port o_mem_we driven by constant 0
---------------------------------------------------------------------------------
Finished Cross Boundary Optimization : Time (s): cpu = 00:00:27 ; elapsed = 00:00:35 . Memory (MB): peak = 641.305 ; gain = 434.254
---------------------------------------------------------------------------------
Finished Parallel Reinference  : Time (s): cpu = 00:00:27 ; elapsed = 00:00:35 . Memory (MB): peak = 641.305 ; gain = 434.254

Report RTL Partitions: 
+-+--------------+------------+----------+
| |RTL Partition |Replication |Instances |
+-+--------------+------------+----------+
+-+--------------+------------+----------+
---------------------------------------------------------------------------------
Start Area Optimization
---------------------------------------------------------------------------------
---------------------------------------------------------------------------------
Finished Area Optimization : Time (s): cpu = 00:00:28 ; elapsed = 00:00:35 . Memory (MB): peak = 641.305 ; gain = 434.254
---------------------------------------------------------------------------------
Finished Parallel Area Optimization  : Time (s): cpu = 00:00:28 ; elapsed = 00:00:35 . Memory (MB): peak = 641.305 ; gain = 434.254

Report RTL Partitions: 
+-+--------------+------------+----------+
| |RTL Partition |Replication |Instances |
+-+--------------+------------+----------+
+-+--------------+------------+----------+
---------------------------------------------------------------------------------
Start Timing Optimization
---------------------------------------------------------------------------------
---------------------------------------------------------------------------------
Start Applying XDC Timing Constraints
---------------------------------------------------------------------------------
---------------------------------------------------------------------------------
Finished Applying XDC Timing Constraints : Time (s): cpu = 00:00:42 ; elapsed = 00:00:50 . Memory (MB): peak = 641.305 ; gain = 434.254
---------------------------------------------------------------------------------
---------------------------------------------------------------------------------
Finished Timing Optimization : Time (s): cpu = 00:00:42 ; elapsed = 00:00:51 . Memory (MB): peak = 641.305 ; gain = 434.254
---------------------------------------------------------------------------------

Report RTL Partitions: 
+-+--------------+------------+----------+
| |RTL Partition |Replication |Instances |
+-+--------------+------------+----------+
+-+--------------+------------+----------+
---------------------------------------------------------------------------------
Start Technology Mapping
---------------------------------------------------------------------------------
---------------------------------------------------------------------------------
Finished Technology Mapping : Time (s): cpu = 00:00:43 ; elapsed = 00:00:51 . Memory (MB): peak = 641.305 ; gain = 434.254
---------------------------------------------------------------------------------
Finished Parallel Technology Mapping Optimization  : Time (s): cpu = 00:00:43 ; elapsed = 00:00:51 . Memory (MB): peak = 641.305 ; gain = 434.254

Report RTL Partitions: 
+-+--------------+------------+----------+
| |RTL Partition |Replication |Instances |
+-+--------------+------------+----------+
+-+--------------+------------+----------+
Finished Parallel Synthesis Optimization  : Time (s): cpu = 00:00:43 ; elapsed = 00:00:51 . Memory (MB): peak = 641.305 ; gain = 434.254
---------------------------------------------------------------------------------
Start IO Insertion
---------------------------------------------------------------------------------
---------------------------------------------------------------------------------
Start Flattening Before IO Insertion
---------------------------------------------------------------------------------
---------------------------------------------------------------------------------
Finished Flattening Before IO Insertion
---------------------------------------------------------------------------------
---------------------------------------------------------------------------------
Start Final Netlist Cleanup
---------------------------------------------------------------------------------
---------------------------------------------------------------------------------
Finished Final Netlist Cleanup
---------------------------------------------------------------------------------
---------------------------------------------------------------------------------
Finished IO Insertion : Time (s): cpu = 00:00:43 ; elapsed = 00:00:52 . Memory (MB): peak = 641.305 ; gain = 434.254
---------------------------------------------------------------------------------

Report Check Netlist: 
+------+------------------+-------+---------+-------+------------------+
|      |Item              |Errors |Warnings |Status |Description       |
+------+------------------+-------+---------+-------+------------------+
|1     |multi_driven_nets |      0|        0|Passed |Multi driven nets |
+------+------------------+-------+---------+-------+------------------+
---------------------------------------------------------------------------------
Start Renaming Generated Instances
---------------------------------------------------------------------------------
---------------------------------------------------------------------------------
Finished Renaming Generated Instances : Time (s): cpu = 00:00:43 ; elapsed = 00:00:52 . Memory (MB): peak = 641.305 ; gain = 434.254
---------------------------------------------------------------------------------

Report RTL Partitions: 
+-+--------------+------------+----------+
| |RTL Partition |Replication |Instances |
+-+--------------+------------+----------+
+-+--------------+------------+----------+
---------------------------------------------------------------------------------
Start Rebuilding User Hierarchy
---------------------------------------------------------------------------------
---------------------------------------------------------------------------------
Finished Rebuilding User Hierarchy : Time (s): cpu = 00:00:43 ; elapsed = 00:00:52 . Memory (MB): peak = 641.305 ; gain = 434.254
---------------------------------------------------------------------------------
---------------------------------------------------------------------------------
Start Renaming Generated Ports
---------------------------------------------------------------------------------
---------------------------------------------------------------------------------
Finished Renaming Generated Ports : Time (s): cpu = 00:00:43 ; elapsed = 00:00:52 . Memory (MB): peak = 641.305 ; gain = 434.254
---------------------------------------------------------------------------------
---------------------------------------------------------------------------------
Start Handling Custom Attributes
---------------------------------------------------------------------------------
---------------------------------------------------------------------------------
Finished Handling Custom Attributes : Time (s): cpu = 00:00:44 ; elapsed = 00:00:52 . Memory (MB): peak = 641.305 ; gain = 434.254
---------------------------------------------------------------------------------
---------------------------------------------------------------------------------
Start Renaming Generated Nets
---------------------------------------------------------------------------------
---------------------------------------------------------------------------------
Finished Renaming Generated Nets : Time (s): cpu = 00:00:44 ; elapsed = 00:00:52 . Memory (MB): peak = 641.305 ; gain = 434.254
---------------------------------------------------------------------------------
---------------------------------------------------------------------------------
Start Writing Synthesis Report
---------------------------------------------------------------------------------

Report BlackBoxes: 
+-+--------------+----------+
| |BlackBox name |Instances |
+-+--------------+----------+
+-+--------------+----------+

Report Cell Usage: 
+------+------+------+
|      |Cell  |Count |
+------+------+------+
|1     |BUFG  |     1|
|2     |LUT1  |     2|
|3     |LUT2  |    36|
|4     |LUT3  |     9|
|5     |LUT4  |     9|
|6     |LUT5  |    26|
|7     |LUT6  |    41|
|8     |MUXF7 |     8|
|9     |FDCE  |    81|
|10    |FDRE  |    34|
|11    |LD    |     1|
|12    |IBUF  |    12|
|13    |OBUF  |    51|
+------+------+------+

Report Instance Areas: 
+------+---------+-------+------+
|      |Instance |Module |Cells |
+------+---------+-------+------+
|1     |top      |       |   311|
+------+---------+-------+------+
---------------------------------------------------------------------------------
Finished Writing Synthesis Report : Time (s): cpu = 00:00:44 ; elapsed = 00:00:52 . Memory (MB): peak = 641.305 ; gain = 434.254
---------------------------------------------------------------------------------
Synthesis finished with 0 errors, 0 critical warnings and 2 warnings.
Synthesis Optimization Runtime : Time (s): cpu = 00:00:23 ; elapsed = 00:00:32 . Memory (MB): peak = 641.305 ; gain = 101.805
Synthesis Optimization Complete : Time (s): cpu = 00:00:44 ; elapsed = 00:00:52 . Memory (MB): peak = 641.305 ; gain = 434.254
INFO: [Project 1-571] Translating synthesized netlist
INFO: [Netlist 29-17] Analyzing 13 Unisim elements for replacement
INFO: [Netlist 29-28] Unisim Transformation completed in 0 CPU seconds
INFO: [Project 1-570] Preparing netlist for logic optimization
INFO: [Opt 31-138] Pushed 0 inverter(s) to 0 load pin(s).
INFO: [Project 1-111] Unisim Transformation Summary:
  A total of 1 instances were transformed.
  LD => LDCE: 1 instances

INFO: [Common 17-83] Releasing license: Synthesis
14 Infos, 6 Warnings, 0 Critical Warnings and 0 Errors encountered.
synth_design completed successfully
synth_design: Time (s): cpu = 00:00:43 ; elapsed = 00:00:46 . Memory (MB): peak = 641.305 ; gain = 434.254
report_utilization: Time (s): cpu = 00:00:00 ; elapsed = 00:00:00.044 . Memory (MB): peak = 641.305 ; gain = 0.000
INFO: [Common 17-206] Exiting Vivado at Wed Apr 26 17:54:57 2023...
